Drill report for NJFET_MATCHING.kicad_pcb
Created on 2025-08-10T21:25:12+0200

Copper Layer Stackup:
    =============================================================
    L1 :  F.Cu                      front
    L2 :  B.Cu                      back


Drill file 'NJFET_MATCHING-PTH.drl' contains
    plated through holes:
    =============================================================
    T1  0.250mm  0.0098"  (24 holes)
    T2  0.900mm  0.0354"  (8 holes)
    T3  1.300mm  0.0512"  (10 holes)
    T4  3.200mm  0.1260"  (3 holes)

    Total plated holes count 45


Drill file 'NJFET_MATCHING-NPTH.drl' contains
    unplated through holes:
    =============================================================
    T1  1.800mm  0.0709"  (2 holes)
    T2  3.000mm  0.1181"  (4 holes)

    Total unplated holes count 6
