Drill report for MADC_ARTY.kicad_pcb
Created on 2025-08-15T00:00:26+0200

Copper Layer Stackup:
    =============================================================
    L1 :  F.Cu                      front
    L2 :  In1.Cu                    in1
    L3 :  In2.Cu                    in2
    L4 :  B.Cu                      back


Drill file 'MADC_ARTY-PTH.drl' contains
    plated through holes:
    =============================================================
    T1  0.250mm  0.0098"  (279 holes)
    T2  0.700mm  0.0276"  (4 holes)
    T3  1.000mm  0.0394"  (24 holes)
    T4  1.300mm  0.0512"  (2 holes)
    T5  1.400mm  0.0551"  (3 holes)
    T6  1.500mm  0.0591"  (8 holes)
    T7  1.600mm  0.0630"  (2 holes)
    T8  2.500mm  0.0984"  (2 holes)
    T9  3.200mm  0.1260"  (4 holes)

    Total plated holes count 328


Drill file 'MADC_ARTY-NPTH.drl' contains
    unplated through holes:
    =============================================================

    Total unplated holes count 0
